<?xml version="1.0" encoding="UTF-8"?>
<!-- Generated by org.testng.reporters.JUnitReportReporter -->
<testsuite hostname="DESKTOP-H9HR4PN" failures="0" tests="1" name="Edit.Educacionit1.AppTest" time="0.002" errors="0" timestamp="2021-04-05T10:49:03 CLT" skipped="0">
  <testcase classname="Edit.Educacionit1.AppTest" name="shouldAnswerWithTrue" time="0.002"/>
  <system-out/>
</testsuite> <!-- Edit.Educacionit1.AppTest -->
