<?xml version="1.0" encoding="UTF-8"?>
<!-- Generated by org.testng.reporters.JUnitReportReporter -->
<testsuite hostname="DESKTOP-H9HR4PN" failures="0" tests="3" name="Edit.Educacionit1.Laboratorio1" time="66.368" errors="0" timestamp="2021-04-05T10:49:03 CLT" skipped="0">
  <testcase classname="Edit.Educacionit1.Laboratorio1" name="lab1_E2" time="27.551"/>
  <system-out/>
  <testcase classname="Edit.Educacionit1.Laboratorio1" name="lab1_E3" time="24.074"/>
  <system-out/>
  <testcase classname="Edit.Educacionit1.Laboratorio1" name="lab1_e1" time="14.743"/>
  <system-out/>
</testsuite> <!-- Edit.Educacionit1.Laboratorio1 -->
