<?xml version="1.0" encoding="UTF-8"?>
<!-- Generated by org.testng.reporters.JUnitReportReporter -->
<testsuite hostname="DESKTOP-H9HR4PN" failures="0" tests="1" name="pruebas.Laboratorio3" time="12.370" errors="0" timestamp="2021-04-10T15:49:33 CLT" skipped="0">
  <testcase classname="pruebas.Laboratorio3" name="registroUsuario" time="12.370"/>
  <system-out/>
</testsuite> <!-- pruebas.Laboratorio3 -->
